4.421455317900000227e+04 -7.309899712477214052e+04 -1.599676009293760970e+00 7.882620000000000182e+00
4.421461554199999955e+04 -7.309799712230225850e+04 -9.827302817867771267e-01 7.882595000000000240e+00
4.421467790399999649e+04 -7.309699713586756843e+04 -1.229783515081808609e+00 7.882570000000000299e+00
4.496802104300000065e+04 -6.101699778201607114e+04 1.528904131855813660e+02 9.250209700000000623e+01
4.496895648600000277e+04 -6.100199777703747532e+04 3.082016902405938907e+01 9.250207100000000082e+01
4.496901884900000005e+04 -6.100099777456759330e+04 4.266935259531666702e+01 9.250206900000000587e+01
4.497899690299999929e+04 -6.084099779629383556e+04 3.169108013426921033e+01 9.250178599999999562e+01
4.499390162299999793e+04 -6.060199779928274802e+04 -9.728040998027222486e+01 5.193510700000000213e+01
4.499396398600000248e+04 -6.060099779681274958e+04 -8.543121613588751018e+01 5.193510299999999802e+01
4.499402634799999942e+04 -6.059999781037805951e+04 -1.828602324887734198e+01 5.193509999999999849e+01
4.502090473400000337e+04 -6.016899782019613485e+04 9.262433538238827424e+00 1.249169200000000046e+01
4.502190253900000243e+04 -6.015299782878284896e+04 7.905689001121768200e+00 1.249148500000000084e+01
4.502483359300000302e+04 -6.010599782494248939e+04 -1.965709983246068049e+00 5.193355799999999789e+01
4.573196586499999830e+04 -4.876699844122680952e+04 9.250609496305543189e+00 2.260580699999999865e+01
4.576383327699999791e+04 -4.825599847794326342e+04 1.661447156456333119e+00 3.602279999999999927e+00
4.585488302799999656e+04 -4.679599854390481778e+04 -5.836668961794950405e+01 9.247982299999999611e+01
4.605494302700000117e+04 -4.358799871814205835e+04 -1.031678331623497513e+02 9.247561000000000320e+01
4.608693516500000260e+04 -4.307499874991861725e+04 2.845368045661587075e-01 5.644481999999999999e+00
4.608699752799999987e+04 -4.307399874744873523e+04 -4.281794187632591786e+00 5.644461999999999868e+00
4.856055731699999887e+04 -3.410000887858681381e+03 -2.549967834070599793e+00 3.460517999999999983e+00
4.877321461000000272e+04 -1.076296264605745975e-03 -5.434394160295852316e-01 2.592000000000000082e+00
4.877421241500000178e+04 1.599891511702201008e+01 2.450570062866752608e+00 2.592000000000000082e+00
4.913791251400000328e+04 5.847998615476299165e+03 -3.986938044394108260e-01 2.609668999999999794e+00
4.914396170900000288e+04 5.944998598496408704e+03 5.763449036858503405e-02 2.610257999999999967e+00
4.914402407200000016e+04 5.945998600966294362e+03 -1.055506113791366829e+01 2.610263999999999918e+00
4.914408643499999744e+04 5.946998603436180019e+03 2.160241261873693475e+00 2.610269999999999868e+00
4.914495951500000228e+04 5.960998605944889277e+03 9.102497776773425642e+00 2.610355999999999899e+00
4.914502187799999956e+04 5.961998608414774935e+03 3.673801597514980699e+00 2.610361999999999849e+00
4.914508423999999650e+04 5.962998594849466826e+03 -1.125889356819581621e+01 2.610367999999999800e+00
4.914514660300000105e+04 5.963998597319468900e+03 6.640410308660143812e+00 2.610374000000000194e+00
5.187077700200000254e+04 4.966999624198351376e+04 -6.410548741234656234e-02 3.653564999999999952e+00
5.187090172799999709e+04 4.967199624692328507e+04 2.038059397564996544e+00 3.653637999999999941e+00
5.228467918800000189e+04 5.630699587813163089e+04 -6.715138731321481202e+00 7.503068999999999988e+00
5.228474155099999916e+04 5.630799588060152018e+04 -2.640406260494952306e+00 6.715571999999999875e+00
5.491483207499999844e+04 9.848199360581442306e+04 -2.677515758188917516e-01 8.593014999999999404e+00
5.491489443800000299e+04 9.848299360828442150e+04 1.213135053787496531e+00 8.593045999999999296e+00
5.491682768599999690e+04 9.851399360467618681e+04 3.056592851825101320e+00 7.915769000000000055e+00
5.491969637700000021e+04 9.855999360604665708e+04 1.193309415583584610e+00 7.917308000000000234e+00
5.492075654499999655e+04 9.857699359992983227e+04 2.176347146083401185e+00 7.917876999999999832e+00
5.492262743000000046e+04 9.860699359385183197e+04 2.538875428732506379e+00 7.918880999999999837e+00
5.492268979299999774e+04 9.860799359632171399e+04 1.427760091327861858e+00 8.596897000000000233e+00
5.492275215600000229e+04 9.860899359879171243e+04 3.166437382752640417e-01 8.596928000000000125e+00
5.492281451899999956e+04 9.860999360126160900e+04 6.952736957518723671e-02 8.596959000000000017e+00
5.493778160100000241e+04 9.884999358470749576e+04 1.241236552195882581e+00 7.927018000000000342e+00
5.493784396399999969e+04 9.885099358717737778e+04 1.858117453242236650e+00 8.604392999999999958e+00
5.493871704399999726e+04 9.886499358968596789e+04 2.718439509708527879e+00 7.927520999999999596e+00
5.493877940600000147e+04 9.886599357612077438e+04 -9.846807943850954814e-01 8.604857000000000866e+00
5.494065029199999844e+04 9.889599358607784961e+04 2.417133462066303196e-01 7.290926999999999936e+00
5.494071265500000300e+04 9.889699358854786260e+04 -5.406455566163259618e-03 8.605814000000000519e+00
5.494077501699999993e+04 9.889799357498255267e+04 6.114727517857332373e-01 7.291000000000000369e+00
5.494083737999999721e+04 9.889899357745243469e+04 3.820351919522547490e+00 7.928659999999999819e+00
5.494177282299999933e+04 9.891399358243102324e+04 9.775436559031938089e-01 8.606339000000000183e+00
5.494183518599999661e+04 9.891499358490091981e+04 7.304225799136752073e-01 7.291618999999999851e+00
5.494264590299999691e+04 9.892799358493962791e+04 1.098522561928412244e-01 8.606771000000000171e+00
5.494277062799999840e+04 9.892999357384431642e+04 4.796106874537784392e-01 8.606832999999999956e+00
5.494283299100000295e+04 9.893099357631431485e+04 1.096489368094051287e+00 8.606863999999999848e+00
5.494289535400000022e+04 9.893199357878419687e+04 1.713368033535168422e+00 7.292239000000000360e+00
5.494370607100000052e+04 9.894499357882290496e+04 1.092794350565114314e+00 8.607295999999999836e+00
5.494376843399999780e+04 9.894599358129280154e+04 -1.832719663278581379e-02 8.607326999999999728e+00
5.494383079700000235e+04 9.894699358376279997e+04 -2.654477590081043559e-01 7.930270000000000152e+00
5.497064681900000141e+04 9.937699355543951970e+04 -1.120951923956681640e+00 6.723277000000000392e+00
5.497070918199999869e+04 9.937799355790940172e+04 3.599211007069236246e-01 6.723316999999999766e+00
5.499365870800000266e+04 9.974599353680248896e+04 -7.280189893163715453e-01 7.957123000000000168e+00
5.499864773499999865e+04 9.982599352593930962e+04 1.101304963396483316e+00 7.959819000000000422e+00
5.500563237400000071e+04 9.993799352997320239e+04 -6.577921476973571657e-01 7.329011000000000386e+00
5.513597071500000311e+04 1.020279934165482555e+05 -5.272481234190102839e-01 8.034501999999999811e+00
5.515692463000000134e+04 1.023639933965794480e+05 -6.301251602582951250e-01 8.045979000000000880e+00
5.515698699299999862e+04 1.023649933990493446e+05 -2.605289659142584924e+00 8.046013000000000304e+00
5.515792243500000041e+04 1.023799933879927412e+05 -2.647693358872906799e-01 7.419037999999999577e+00
5.515898260399999708e+04 1.023969933979111083e+05 -1.010580076578055042e+00 8.047107000000000454e+00
5.516091585199999827e+04 1.024279933943029901e+05 -1.760715110868947164e+00 8.048166999999999405e+00
5.516097821500000282e+04 1.024289933967729885e+05 -2.007880284182316899e+00 8.048201999999999856e+00
5.516191365699999733e+04 1.024439933857162687e+05 -2.259369067333505399e+00 8.048714999999999620e+00
5.516197602000000188e+04 1.024449933881862817e+05 -7.785354084211384418e-01 7.421448999999999963e+00
5.516291146299999673e+04 1.024599933931647538e+05 -1.660257307863979293e-01 7.422005999999999659e+00
5.520594182400000136e+04 1.031499933495804289e+05 -1.369080224829492209e+00 8.738953999999999667e+00
5.520600418699999864e+04 1.031509933520503109e+05 -1.616253639031050682e+00 8.738986000000000587e+00
5.520693963000000076e+04 1.031659933570289140e+05 -1.398509484859218333e-01 8.739461999999999620e+00
5.520700199299999804e+04 1.031669933594987961e+05 2.204976484455858809e+00 8.073494000000000170e+00
5.520887287800000195e+04 1.031969933534207958e+05 -2.622383275503992195e-02 8.074524000000000257e+00
5.520987068300000101e+04 1.032129933448340744e+05 3.389983067450579313e-01 8.740952999999999307e+00
5.520993304599999828e+04 1.032139933473039709e+05 -2.500174707431163768e+00 8.075108000000000175e+00
5.520999540900000284e+04 1.032149933497739694e+05 -1.019348731089991134e+00 8.741016000000000119e+00
5.521298882500000036e+04 1.032629933400490263e+05 -7.876947910934433139e-01 8.076791000000000054e+00
5.524491860099999758e+04 1.037749933218376536e+05 -1.198049672737170113e+00 8.758817000000000519e+00
5.524498096400000213e+04 1.037759933243076521e+05 -5.812288148947715172e-01 8.094442000000000803e+00
5.524697657500000059e+04 1.038079933231694158e+05 -1.578953859313823926e+00 8.095544999999999547e+00
5.538966275799999858e+04 1.060959931856643525e+05 -2.088993577731937279e+00 8.174868999999999275e+00
5.667034609400000045e+04 1.266319920824012515e+05 -3.919344978738223517e+00 8.364679999999999893e+00
5.671736767700000200e+04 1.273859920365404541e+05 -5.331661927515533250e+00 8.395390000000000796e+00
5.674829964699999982e+04 1.278819920108806109e+05 -1.741501277786525748e+00 9.577303000000000566e+00
5.710033789399999660e+04 1.335269917143835046e+05 -8.979306907841930752e-01 8.648034000000000887e+00
5.710114861099999689e+04 1.335399917144222127e+05 1.075238244920939223e+00 8.160047000000000494e+00
5.774828782800000045e+04 1.439169911433795933e+05 2.683113913338843304e+00 9.604150999999999883e+00
5.774835019099999772e+04 1.439179911458494898e+05 7.083500599319165758e-01 9.604191000000000145e+00
5.780223168699999951e+04 1.447819910990827193e+05 2.648914336380514101e+00 9.121753000000000000e+00
5.780241877599999862e+04 1.447849911064924672e+05 3.636684114322775940e+00 9.121881000000000128e+00
5.782935952399999951e+04 1.452169910831090820e+05 3.317861059623169240e+00 8.679512000000000782e+00
5.814042538300000160e+04 1.502049908154930163e+05 1.541176914497398798e+00 9.859505999999999659e+00
5.820023134900000150e+04 1.511639907628416549e+05 1.797030338783997649e+00 9.395856000000000208e+00
5.854241626600000018e+04 1.566509904609402874e+05 5.469750632953491731e-01 8.825594999999999857e+00
5.858008342299999640e+04 1.572549904294345761e+05 -1.405923715825153408e+00 9.226001999999999370e+00
5.885129942599999777e+04 1.616039902030877711e+05 3.604759520051885602e-01 9.425803000000000154e+00
5.887025772999999754e+04 1.619079901842571853e+05 -1.928389948119985320e+00 9.439812999999999121e+00
5.887038245499999903e+04 1.619099901731618738e+05 1.710868706168326980e-01 9.865254999999999441e+00
5.887119317199999932e+04 1.619229901732005819e+05 -3.894305809949258901e+00 9.077700999999999354e+00
5.887125553499999660e+04 1.619239901756704785e+05 2.771433047028025953e+00 9.440549999999999997e+00
5.887331350899999961e+04 1.619569901770022407e+05 6.928449060597188236e-01 9.867328000000000543e+00
5.887343823500000144e+04 1.619589901819421211e+05 1.064325775733649948e+00 9.442164000000000001e+00
5.888017342199999985e+04 1.620669901760962384e+05 2.116463593277117639e+00 9.447141999999999484e+00
5.890929686899999797e+04 1.625339901429492165e+05 -2.289810533282462757e+00 9.892792000000000030e+00
5.892613483699999779e+04 1.628039901363521640e+05 -3.109911282667070509e+00 9.119949000000000083e+00
5.893112386400000105e+04 1.628839901254891010e+05 -1.208463080245095966e+00 9.484828000000000259e+00
