300 30000.00 48773.2146771209 0.0623628460 -301032 -90.76094
301 30100.00 48773.2146771209 0.0623628460 -299429 -88.21211
302 30200.00 48773.2146771209 0.0623628460 -297825 -85.64794
303 30300.00 48773.2146771209 0.0623628460 -296221 -83.07333
304 30400.00 48773.2146771209 0.0623628460 -294618 -80.49298
305 30500.00 48773.2146771209 0.0623628460 -293014 -77.91145
306 30600.00 48773.2146771209 0.0623628460 -291411 -75.33312
307 30700.00 48773.2146771209 0.0623628460 -289807 -72.76222
308 30800.00 48773.2146771209 0.0623628460 -288204 -70.20280
309 30900.00 48773.2146771209 0.0623628460 -286600 -67.65877
310 31000.00 48773.2146771209 0.0623628460 -284997 -65.13389
311 31100.00 48773.2146771209 0.0623628460 -283393 -62.63177
312 31200.00 48773.2146771209 0.0623628460 -281790 -60.15587
313 31300.00 48773.2146771209 0.0623628460 -280186 -57.70954
314 31400.00 48773.2146771209 0.0623628460 -278583 -55.29598
315 31500.00 48773.2146771209 0.0623628460 -276979 -52.91827
316 31600.00 48773.2146771209 0.0623628460 -275376 -50.57938
317 31700.00 48773.2146771209 0.0623628460 -273772 -48.28215
318 31800.00 48773.2146771209 0.0623628460 -272169 -46.02932
319 31900.00 48773.2146771209 0.0623628460 -270565 -43.82354
320 32000.00 48773.2146771209 0.0623628460 -268962 -41.66733
321 32100.00 48773.2146771209 0.0623628460 -267358 -39.56313
322 32200.00 48773.2146771209 0.0623628460 -265755 -37.51329
323 32300.00 48773.2146771209 0.0623628460 -264151 -35.52006
324 32400.00 48773.2146771209 0.0623628460 -262548 -33.58564
325 32500.00 48773.2146771209 0.0623628460 -260944 -31.71209
326 32600.00 48773.2146771209 0.0623628460 -259341 -29.90145
327 32700.00 48773.2146771209 0.0623628460 -257737 -28.15565
328 32800.00 48773.2146771209 0.0623628460 -256134 -26.47656
329 32900.00 48773.2146771209 0.0623628460 -254530 -24.86597
330 33000.00 48773.2146771209 0.0623628460 -252926 -23.32561
331 33100.00 48773.2146771209 0.0623628460 -251323 -21.85715
332 33200.00 48773.2146771209 0.0623628460 -249719 -20.46217
333 33300.00 48773.2146771209 0.0623628460 -248116 -19.14221
334 33400.00 48773.2146771209 0.0623628460 -246512 -17.89874
335 33500.00 48773.2146771209 0.0623628460 -244909 -16.73315
336 33600.00 48773.2146771209 0.0623628460 -243305 -15.64679
337 33700.00 48773.2146771209 0.0623628460 -241702 -14.64093
338 33800.00 48773.2146771209 0.0623628460 -240098 -13.71679
339 33900.00 48773.2146771209 0.0623628460 -238495 -12.87551
340 34000.00 48773.2146771209 0.0623628460 -236891 -12.11817
341 34100.00 48773.2146771209 0.0623628460 -235288 -11.44580
342 34200.00 48773.2146771209 0.0623628460 -233684 -10.85932
343 34300.00 48773.2146771209 0.0623628460 -232081 -10.35961
344 34400.00 48773.2146771209 0.0623628460 -230477 -9.94746
345 34500.00 48773.2146771209 0.0623628460 -228874 -9.62359
346 34600.00 48773.2146771209 0.0623628460 -227270 -9.38863
347 34700.00 48773.2146771209 0.0623628460 -225667 -9.24313
348 34800.00 48773.2146771209 0.0623628460 -224063 -9.18752
349 34900.00 48773.2146771209 0.0623628460 -222460 -9.22217
350 35000.00 48773.2146771209 0.0623628460 -220856 -9.34732
351 35100.00 48773.2146771209 0.0623628460 -219253 -9.56310
352 35200.00 48773.2146771209 0.0623628460 -217649 -9.86954
353 35300.00 48773.2146771209 0.0623628460 -216046 -10.26650
354 35400.00 48773.2146771209 0.0623628460 -214442 -10.75375
355 35500.00 48773.2146771209 0.0623628460 -212839 -11.33089
356 35600.00 48773.2146771209 0.0623628460 -211235 -11.99735
357 35700.00 48773.2146771209 0.0623628460 -209631 -12.75242
358 35800.00 48773.2146771209 0.0623628460 -208028 -13.59518
359 35900.00 48773.2146771209 0.0623628460 -206424 -14.52454
360 36000.00 48773.2146771209 0.0623628460 -204821 -15.53917
361 36100.00 48773.2146771209 0.0623628460 -203217 -16.63756
362 36200.00 48773.2146771209 0.0623628460 -201614 -17.81792
363 36300.00 48773.2146771209 0.0623628460 -200010 -19.07823
364 36400.00 48773.2146771209 0.0623628460 -198407 -20.41618
365 36500.00 48773.2146771209 0.0623628460 -196803 -21.82920
366 36600.00 48773.2146771209 0.0623628460 -195200 -23.31440
367 36700.00 48773.2146771209 0.0623628460 -193596 -24.86855
368 36800.00 48773.2146771209 0.0623628460 -191993 -26.48810
369 36900.00 48773.2146771209 0.0623628460 -190389 -28.16916
370 37000.00 48773.2146771209 0.0623628460 -188786 -29.90743
371 37100.00 48773.2146771209 0.0623628460 -187182 -31.69826
372 37200.00 48773.2146771209 0.0623628460 -185579 -33.53658
373 37300.00 48773.2146771209 0.0623628460 -183975 -35.41693
374 37400.00 48773.2146771209 0.0623628460 -182372 -37.33342
375 37500.00 48773.2146771209 0.0623628460 -180768 -39.27975
376 37600.00 48773.2146771209 0.0623628460 -179165 -41.24920
377 37700.00 48773.2146771209 0.0623628460 -177561 -43.23465
378 37800.00 48773.2146771209 0.0623628460 -175958 -45.22856
379 37900.00 48773.2146771209 0.0623628460 -174354 -47.22303
380 38000.00 48773.2146771209 0.0623628460 -172751 -49.20979
381 38100.00 48773.2146771209 0.0623628460 -171147 -51.18025
382 38200.00 48773.2146771209 0.0623628460 -169543 -53.12554
383 38300.00 48773.2146771209 0.0623628460 -167940 -55.03656
384 38400.00 48773.2146771209 0.0623628460 -166336 -56.90403
385 38500.00 48773.2146771209 0.0623628460 -164733 -58.71857
386 38600.00 48773.2146771209 0.0623628460 -163129 -60.47076
387 38700.00 48773.2146771209 0.0623628460 -161526 -62.15121
388 38800.00 48773.2146771209 0.0623628460 -159922 -63.75070
389 38900.00 48773.2146771209 0.0623628460 -158319 -65.26019
390 39000.00 48773.2146771209 0.0623628460 -156715 -66.67098
391 39100.00 48773.2146771209 0.0623628460 -155112 -67.97476
392 39200.00 48773.2146771209 0.0623628460 -153508 -69.16372
393 39300.00 48773.2146771209 0.0623628460 -151905 -70.23065
394 39400.00 48773.2146771209 0.0623628460 -150301 -71.16895
395 39500.00 48773.2146771209 0.0623628460 -148698 -71.97280
396 39600.00 48773.2146771209 0.0623628460 -147094 -72.63714
397 39700.00 48773.2146771209 0.0623628460 -145491 -73.15775
398 39800.00 48773.2146771209 0.0623628460 -143887 -73.53127
399 39900.00 48773.2146771209 0.0623628460 -142284 -73.75524
400 40000.00 48773.2146771209 0.0623628460 -140680 -73.82809
401 40100.00 48773.2146771209 0.0623628460 -139077 -73.74911
402 40200.00 48773.2146771209 0.0623628460 -137473 -73.51848
403 40300.00 48773.2146771209 0.0623628460 -135870 -73.13719
404 40400.00 48773.2146771209 0.0623628460 -134266 -72.60703
405 40500.00 48773.2146771209 0.0623628460 -132663 -71.93050
406 40600.00 48773.2146771209 0.0623628460 -131059 -71.11080
407 40700.00 48773.2146771209 0.0623628460 -129456 -70.15171
408 40800.00 48773.2146771209 0.0623628460 -127852 -69.05759
409 40900.00 48773.2146771209 0.0623628460 -126248 -67.83324
410 41000.00 48773.2146771209 0.0623628460 -124645 -66.48390
411 41100.00 48773.2146771209 0.0623628460 -123041 -65.01512
412 41200.00 48773.2146771209 0.0623628460 -121438 -63.43276
413 41300.00 48773.2146771209 0.0623628460 -119834 -61.74287
414 41400.00 48773.2146771209 0.0623628460 -118231 -59.95169
415 41500.00 48773.2146771209 0.0623628460 -116627 -58.06556
416 41600.00 48773.2146771209 0.0623628460 -115024 -56.09086
417 41700.00 48773.2146771209 0.0623628460 -113420 -54.03404
418 41800.00 48773.2146771209 0.0623628460 -111817 -51.90149
419 41900.00 48773.2146771209 0.0623628460 -110213 -49.69958
420 42000.00 48773.2146771209 0.0623628460 -108610 -47.43461
421 42100.00 48773.2146771209 0.0623628460 -107006 -45.11275
422 42200.00 48773.2146771209 0.0623628460 -105403 -42.74009
423 42300.00 48773.2146771209 0.0623628460 -103799 -40.32256
424 42400.00 48773.2146771209 0.0623628460 -102196 -37.86596
425 42500.00 48773.2146771209 0.0623628460 -100592 -35.37593
426 42600.00 48773.2146771209 0.0623628460 -98989 -32.85794
427 42700.00 48773.2146771209 0.0623628460 -97385 -30.31730
428 42800.00 48773.2146771209 0.0623628460 -95782 -27.75915
429 42900.00 48773.2146771209 0.0623628460 -94178 -25.18846
430 43000.00 48773.2146771209 0.0623628460 -92575 -22.61002
431 43100.00 48773.2146771209 0.0623628460 -90971 -20.02845
432 43200.00 48773.2146771209 0.0623628460 -89368 -17.44821
433 43300.00 48773.2146771209 0.0623628460 -87764 -14.87360
434 43400.00 48773.2146771209 0.0623628460 -86161 -12.30873
435 43500.00 48773.2146771209 0.0623628460 -84557 -9.75758
436 43600.00 48773.2146771209 0.0623628460 -82953 -7.22397
437 43700.00 48773.2146771209 0.0623628460 -81350 -4.71158
438 43800.00 48773.2146771209 0.0623628460 -79746 -2.22393
439 43900.00 48773.2146771209 0.0623628460 -78143 0.23558
440 44000.00 48773.2146771209 0.0623628460 -76539 2.66369
441 44100.00 48773.2146771209 0.0623628460 -74936 5.05726
442 44200.00 48773.2146771209 0.0623628460 -73332 7.41329
443 44300.00 48773.2146771209 0.0623628460 -71729 9.72886
444 44400.00 48773.2146771209 0.0623628460 -70125 12.00121
445 44500.00 48773.2146771209 0.0623628460 -68522 14.22764
446 44600.00 48773.2146771209 0.0623628460 -66918 16.40558
447 44700.00 48773.2146771209 0.0623628460 -65315 18.53255
448 44800.00 48773.2146771209 0.0623628460 -63711 20.60617
449 44900.00 48773.2146771209 0.0623628460 -62108 22.62413
450 45000.00 48773.2146771209 0.0623628460 -60504 24.58423
451 45100.00 48773.2146771209 0.0623628460 -58901 26.48434
452 45200.00 48773.2146771209 0.0623628460 -57297 28.32241
453 45300.00 48773.2146771209 0.0623628460 -55694 30.09647
454 45400.00 48773.2146771209 0.0623628460 -54090 31.80461
455 45500.00 48773.2146771209 0.0623628460 -52487 33.44503
456 45600.00 48773.2146771209 0.0623628460 -50883 35.01594
457 45700.00 48773.2146771209 0.0623628460 -49280 36.51568
458 45800.00 48773.2146771209 0.0623628460 -47676 37.94261
459 45900.00 48773.2146771209 0.0623628460 -46073 39.29517
460 46000.00 48773.2146771209 0.0623628460 -44469 40.57188
461 46100.00 48773.2146771209 0.0623628460 -42866 41.77129
462 46200.00 48773.2146771209 0.0623628460 -41262 42.89206
463 46300.00 48773.2146771209 0.0623628460 -39658 43.93286
464 46400.00 48773.2146771209 0.0623628460 -38055 44.89246
465 46500.00 48773.2146771209 0.0623628460 -36451 45.76969
466 46600.00 48773.2146771209 0.0623628460 -34848 46.56343
467 46700.00 48773.2146771209 0.0623628460 -33244 47.27264
468 46800.00 48773.2146771209 0.0623628460 -31641 47.89636
469 46900.00 48773.2146771209 0.0623628460 -30037 48.43367
470 47000.00 48773.2146771209 0.0623628460 -28434 48.88375
471 47100.00 48773.2146771209 0.0623628460 -26830 49.24585
472 47200.00 48773.2146771209 0.0623628460 -25227 49.51931
473 47300.00 48773.2146771209 0.0623628460 -23623 49.70354
474 47400.00 48773.2146771209 0.0623628460 -22020 49.79805
475 47500.00 48773.2146771209 0.0623628460 -20416 49.80244
476 47600.00 48773.2146771209 0.0623628460 -18813 49.71643
477 47700.00 48773.2146771209 0.0623628460 -17209 49.53982
478 47800.00 48773.2146771209 0.0623628460 -15606 49.27256
479 47900.00 48773.2146771209 0.0623628460 -14002 48.91470
480 48000.00 48773.2146771209 0.0623628460 -12399 48.46643
481 48100.00 48773.2146771209 0.0623628460 -10795 47.92808
482 48200.00 48773.2146771209 0.0623628460 -9192 47.30014
483 48300.00 48773.2146771209 0.0623628460 -7588 46.58327
484 48400.00 48773.2146771209 0.0623628460 -5985 45.77828
485 48500.00 48773.2146771209 0.0623628460 -4381 44.88620
486 48600.00 48773.2146771209 0.0623628460 -2778 43.90825
487 48700.00 48773.2146771209 0.0623628460 -1174 42.84586
488 48800.00 48773.2146771209 0.0623628460 430 41.70069
489 48900.00 48773.2146771209 0.0623628460 2033 40.47467
490 49000.00 48773.2146771209 0.0623628460 3637 39.16997
491 49100.00 48773.2146771209 0.0623628460 5240 37.78905
492 49200.00 48773.2146771209 0.0623628460 6844 36.33468
493 49300.00 48773.2146771209 0.0623628460 8447 34.80992
494 49400.00 48773.2146771209 0.0623628460 10051 33.21817
495 49500.00 48773.2146771209 0.0623628460 11654 31.56319
496 49600.00 48773.2146771209 0.0623628460 13258 29.84909
497 49700.00 48773.2146771209 0.0623628460 14861 28.08038
498 49800.00 48773.2146771209 0.0623628460 16465 26.26194
499 49900.00 48773.2146771209 0.0623628460 18068 24.39906
500 50000.00 48773.2146771209 0.0623628460 19672 22.49744
501 50100.00 48773.2146771209 0.0623628460 21275 20.56320
502 50200.00 48773.2146771209 0.0623628460 22879 18.60289
503 50300.00 48773.2146771209 0.0623628460 24482 16.62346
504 50400.00 48773.2146771209 0.0623628460 26086 14.63226
505 50500.00 48773.2146771209 0.0623628460 27689 12.63703
506 50600.00 48773.2146771209 0.0623628460 29293 10.64591
507 50700.00 48773.2146771209 0.0623628460 30896 8.66733
508 50800.00 48773.2146771209 0.0623628460 32500 6.71006
509 50900.00 48773.2146771209 0.0623628460 34103 4.78310
510 51000.00 48773.2146771209 0.0623628460 35707 2.89566
511 51100.00 48773.2146771209 0.0623628460 37310 1.05709
512 51200.00 48773.2146771209 0.0623628460 38914 -0.72320
513 51300.00 48773.2146771209 0.0623628460 40517 -2.43580
514 51400.00 48773.2146771209 0.0623628460 42121 -4.07141
515 51500.00 48773.2146771209 0.0623628460 43725 -5.62088
516 51600.00 48773.2146771209 0.0623628460 45328 -7.07537
517 51700.00 48773.2146771209 0.0623628460 46932 -8.42639
518 51800.00 48773.2146771209 0.0623628460 48535 -9.66590
519 51900.00 48773.2146771209 0.0623628460 50139 -10.78641
520 52000.00 48773.2146771209 0.0623628460 51742 -11.78106
521 52100.00 48773.2146771209 0.0623628460 53346 -12.64369
522 52200.00 48773.2146771209 0.0623628460 54949 -13.36889
523 52300.00 48773.2146771209 0.0623628460 56553 -13.95208
524 52400.00 48773.2146771209 0.0623628460 58156 -14.38952
525 52500.00 48773.2146771209 0.0623628460 59760 -14.67837
526 52600.00 48773.2146771209 0.0623628460 61363 -14.81667
527 52700.00 48773.2146771209 0.0623628460 62967 -14.80333
528 52800.00 48773.2146771209 0.0623628460 64570 -14.63817
529 52900.00 48773.2146771209 0.0623628460 66174 -14.32182
530 53000.00 48773.2146771209 0.0623628460 67777 -13.85573
531 53100.00 48773.2146771209 0.0623628460 69381 -13.24211
532 53200.00 48773.2146771209 0.0623628460 70984 -12.48385
533 53300.00 48773.2146771209 0.0623628460 72588 -11.58450
534 53400.00 48773.2146771209 0.0623628460 74191 -10.54818
535 53500.00 48773.2146771209 0.0623628460 75795 -9.37949
536 53600.00 48773.2146771209 0.0623628460 77398 -8.08350
537 53700.00 48773.2146771209 0.0623628460 79002 -6.66564
538 53800.00 48773.2146771209 0.0623628460 80605 -5.13163
539 53900.00 48773.2146771209 0.0623628460 82209 -3.48746
540 54000.00 48773.2146771209 0.0623628460 83812 -1.73929
541 54100.00 48773.2146771209 0.0623628460 85416 0.10659
542 54200.00 48773.2146771209 0.0623628460 87020 2.04380
543 54300.00 48773.2146771209 0.0623628460 88623 4.06592
544 54400.00 48773.2146771209 0.0623628460 90227 6.16652
545 54500.00 48773.2146771209 0.0623628460 91830 8.33923
546 54600.00 48773.2146771209 0.0623628460 93434 10.57772
547 54700.00 48773.2146771209 0.0623628460 95037 12.87574
548 54800.00 48773.2146771209 0.0623628460 96641 15.22719
549 54900.00 48773.2146771209 0.0623628460 98244 17.62604
550 55000.00 48773.2146771209 0.0623628460 99848 20.06646
551 55100.00 48773.2146771209 0.0623628460 101451 22.54272
552 55200.00 48773.2146771209 0.0623628460 103055 25.04929
553 55300.00 48773.2146771209 0.0623628460 104658 27.58078
554 55400.00 48773.2146771209 0.0623628460 106262 30.13198
555 55500.00 48773.2146771209 0.0623628460 107865 32.69785
556 55600.00 48773.2146771209 0.0623628460 109469 35.27352
557 55700.00 48773.2146771209 0.0623628460 111072 37.85429
558 55800.00 48773.2146771209 0.0623628460 112676 40.43564
559 55900.00 48773.2146771209 0.0623628460 114279 43.01320
560 56000.00 48773.2146771209 0.0623628460 115883 45.58278
561 56100.00 48773.2146771209 0.0623628460 117486 48.14034
562 56200.00 48773.2146771209 0.0623628460 119090 50.68198
563 56300.00 48773.2146771209 0.0623628460 120693 53.20399
564 56400.00 48773.2146771209 0.0623628460 122297 55.70275
565 56500.00 48773.2146771209 0.0623628460 123900 58.17483
566 56600.00 48773.2146771209 0.0623628460 125504 60.61690
567 56700.00 48773.2146771209 0.0623628460 127107 63.02578
568 56800.00 48773.2146771209 0.0623628460 128711 65.39839
569 56900.00 48773.2146771209 0.0623628460 130315 67.73180
570 57000.00 48773.2146771209 0.0623628460 131918 70.02316
571 57100.00 48773.2146771209 0.0623628460 133522 72.26976
572 57200.00 48773.2146771209 0.0623628460 135125 74.46897
573 57300.00 48773.2146771209 0.0623628460 136729 76.61827
574 57400.00 48773.2146771209 0.0623628460 138332 78.71523
575 57500.00 48773.2146771209 0.0623628460 139936 80.75752
576 57600.00 48773.2146771209 0.0623628460 141539 82.74289
577 57700.00 48773.2146771209 0.0623628460 143143 84.66919
578 57800.00 48773.2146771209 0.0623628460 144746 86.53431
579 57900.00 48773.2146771209 0.0623628460 146350 88.33627
580 58000.00 48773.2146771209 0.0623628460 147953 90.07313
581 58100.00 48773.2146771209 0.0623628460 149557 91.74304
582 58200.00 48773.2146771209 0.0623628460 151160 93.34420
583 58300.00 48773.2146771209 0.0623628460 152764 94.87490
584 58400.00 48773.2146771209 0.0623628460 154367 96.33349
585 58500.00 48773.2146771209 0.0623628460 155971 97.71838
586 58600.00 48773.2146771209 0.0623628460 157574 99.02805
587 58700.00 48773.2146771209 0.0623628460 159178 100.26104
588 58800.00 48773.2146771209 0.0623628460 160781 101.41596
589 58900.00 48773.2146771209 0.0623628460 162385 102.49148
590 59000.00 48773.2146771209 0.0623628460 163988 103.48632
591 59100.00 48773.2146771209 0.0623628460 165592 104.39929
592 59200.00 48773.2146771209 0.0623628460 167195 105.22925
593 59300.00 48773.2146771209 0.0623628460 168799 105.97511
594 59400.00 48773.2146771209 0.0623628460 170403 106.63590
595 59500.00 48773.2146771209 0.0623628460 172006 107.21065
596 59600.00 48773.2146771209 0.0623628460 173610 107.69853
597 59700.00 48773.2146771209 0.0623628460 175213 108.09874
598 59800.00 48773.2146771209 0.0623628460 176817 108.41059
599 59900.00 48773.2146771209 0.0623628460 178420 108.63345
600 60000.00 48773.2146771209 0.0623628460 180024 108.76678
601 60100.00 48773.2146771209 0.0623628460 181627 108.81016
602 60200.00 48773.2146771209 0.0623628460 183231 108.76325
603 60300.00 48773.2146771209 0.0623628460 184834 108.62582
604 60400.00 48773.2146771209 0.0623628460 186438 108.39774
605 60500.00 48773.2146771209 0.0623628460 188041 108.07901
606 60600.00 48773.2146771209 0.0623628460 189645 107.66978
607 60700.00 48773.2146771209 0.0623628460 191248 107.17031
608 60800.00 48773.2146771209 0.0623628460 192852 106.58103
609 60900.00 48773.2146771209 0.0623628460 194455 105.90250
610 61000.00 48773.2146771209 0.0623628460 196059 105.13548
611 61100.00 48773.2146771209 0.0623628460 197662 104.28090
612 61200.00 48773.2146771209 0.0623628460 199266 103.33990
613 61300.00 48773.2146771209 0.0623628460 200869 102.31381
614 61400.00 48773.2146771209 0.0623628460 202473 101.20419
615 61500.00 48773.2146771209 0.0623628460 204076 100.01287
616 61600.00 48773.2146771209 0.0623628460 205680 98.74189
617 61700.00 48773.2146771209 0.0623628460 207283 97.39359
618 61800.00 48773.2146771209 0.0623628460 208887 95.97060
619 61900.00 48773.2146771209 0.0623628460 210490 94.47586
620 62000.00 48773.2146771209 0.0623628460 212094 92.91262
621 62100.00 48773.2146771209 0.0623628460 213698 91.28449
622 62200.00 48773.2146771209 0.0623628460 215301 89.59541
623 62300.00 48773.2146771209 0.0623628460 216905 87.84973
624 62400.00 48773.2146771209 0.0623628460 218508 86.05215
625 62500.00 48773.2146771209 0.0623628460 220112 84.20780
626 62600.00 48773.2146771209 0.0623628460 221715 82.32220
627 62700.00 48773.2146771209 0.0623628460 223319 80.40128
628 62800.00 48773.2146771209 0.0623628460 224922 78.45141
629 62900.00 48773.2146771209 0.0623628460 226526 76.47936
630 63000.00 48773.2146771209 0.0623628460 228129 74.49232
631 63100.00 48773.2146771209 0.0623628460 229733 72.49786
632 63200.00 48773.2146771209 0.0623628460 231336 70.50395
633 63300.00 48773.2146771209 0.0623628460 232940 68.51889
634 63400.00 48773.2146771209 0.0623628460 234543 66.55132
635 63500.00 48773.2146771209 0.0623628460 236147 64.61013
636 63600.00 48773.2146771209 0.0623628460 237750 62.70447
637 63700.00 48773.2146771209 0.0623628460 239354 60.84363
638 63800.00 48773.2146771209 0.0623628460 240957 59.03700
639 63900.00 48773.2146771209 0.0623628460 242561 57.29399
640 64000.00 48773.2146771209 0.0623628460 244164 55.62398
641 64100.00 48773.2146771209 0.0623628460 245768 54.03618
642 64200.00 48773.2146771209 0.0623628460 247371 52.53957
643 64300.00 48773.2146771209 0.0623628460 248975 51.14282
644 64400.00 48773.2146771209 0.0623628460 250578 49.85417
645 64500.00 48773.2146771209 0.0623628460 252182 48.68134
646 64600.00 48773.2146771209 0.0623628460 253785 47.63150
647 64700.00 48773.2146771209 0.0623628460 255389 46.71111
648 64800.00 48773.2146771209 0.0623628460 256993 45.92590
649 64900.00 48773.2146771209 0.0623628460 258596 45.28083
650 65000.00 48773.2146771209 0.0623628460 260200 44.77999
651 65100.00 48773.2146771209 0.0623628460 261803 44.42663
652 65200.00 48773.2146771209 0.0623628460 263407 44.22308
653 65300.00 48773.2146771209 0.0623628460 265010 44.17081
654 65400.00 48773.2146771209 0.0623628460 266614 44.27039
655 65500.00 48773.2146771209 0.0623628460 268217 44.52153
656 65600.00 48773.2146771209 0.0623628460 269821 44.92313
657 65700.00 48773.2146771209 0.0623628460 271424 45.47331
658 65800.00 48773.2146771209 0.0623628460 273028 46.16945
659 65900.00 48773.2146771209 0.0623628460 274631 47.00830
660 66000.00 48773.2146771209 0.0623628460 276235 47.98596
661 66100.00 48773.2146771209 0.0623628460 277838 49.09804
662 66200.00 48773.2146771209 0.0623628460 279442 50.33966
663 66300.00 48773.2146771209 0.0623628460 281045 51.70554
664 66400.00 48773.2146771209 0.0623628460 282649 53.19007
665 66500.00 48773.2146771209 0.0623628460 284252 54.78737
666 66600.00 48773.2146771209 0.0623628460 285856 56.49136
667 66700.00 48773.2146771209 0.0623628460 287459 58.29580
668 66800.00 48773.2146771209 0.0623628460 289063 60.19432
669 66900.00 48773.2146771209 0.0623628460 290666 62.18053
670 67000.00 48773.2146771209 0.0623628460 292270 64.24800
671 67100.00 48773.2146771209 0.0623628460 293873 66.39033
672 67200.00 48773.2146771209 0.0623628460 295477 68.60116
673 67300.00 48773.2146771209 0.0623628460 297080 70.87421
674 67400.00 48773.2146771209 0.0623628460 298684 73.20331
675 67500.00 48773.2146771209 0.0623628460 300288 75.58240
676 67600.00 48773.2146771209 0.0623628460 301891 78.00557
677 67700.00 48773.2146771209 0.0623628460 303495 80.46703
678 67800.00 48773.2146771209 0.0623628460 305098 82.96117
679 67900.00 48773.2146771209 0.0623628460 306702 85.48254
680 68000.00 48773.2146771209 0.0623628460 308305 88.02585
681 68100.00 48773.2146771209 0.0623628460 309909 90.58598
682 68200.00 48773.2146771209 0.0623628460 311512 93.15800
683 68300.00 48773.2146771209 0.0623628460 313116 95.73714
684 68400.00 48773.2146771209 0.0623628460 314719 98.31878
685 68500.00 48773.2146771209 0.0623628460 316323 100.89851
686 68600.00 48773.2146771209 0.0623628460 317926 103.47204
687 68700.00 48773.2146771209 0.0623628460 319530 106.03528
688 68800.00 48773.2146771209 0.0623628460 321133 108.58427
689 68900.00 48773.2146771209 0.0623628460 322737 111.11521
690 69000.00 48773.2146771209 0.0623628460 324340 113.62445
691 69100.00 48773.2146771209 0.0623628460 325944 116.10848
692 69200.00 48773.2146771209 0.0623628460 327547 118.56392
693 69300.00 48773.2146771209 0.0623628460 329151 120.98752
694 69400.00 48773.2146771209 0.0623628460 330754 123.37618
695 69500.00 48773.2146771209 0.0623628460 332358 125.72688
696 69600.00 48773.2146771209 0.0623628460 333961 128.03676
697 69700.00 48773.2146771209 0.0623628460 335565 130.30303
698 69800.00 48773.2146771209 0.0623628460 337168 132.52303
699 69900.00 48773.2146771209 0.0623628460 338772 134.69421
